<?xml version="1.0" encoding="UTF-8"?>
<!-- Generated by org.testng.reporters.JUnitReportReporter -->
<testsuite hostname="HMS-QA-Din" name="ChannelAutomation.Admin.Test.AdminLoginTest" tests="17" failures="0" timestamp="5 Sep 2017 07:41:12 GMT" time="423.215" errors="0">
  <testcase name="saveAlotments_TC_4" time="40.969" classname="ChannelAutomation.Admin.Test.AdminLoginTest"/>
  <testcase name="backToAdminHomePagel_TC_15" time="0.156" classname="ChannelAutomation.Admin.Test.AdminLoginTest"/>
  <testcase name="AdminLogin_TC_1" time="25.844" classname="ChannelAutomation.Admin.Test.AdminLoginTest"/>
  <testcase name="SendRulesonChannel_TC_8" time="122.508" classname="ChannelAutomation.Admin.Test.AdminLoginTest"/>
  <testcase name="sendRatesOnChannel_TC_14" time="195.238" classname="ChannelAutomation.Admin.Test.AdminLoginTest"/>
  <testcase name="landOnAdminHome_TC_5" time="2.051" classname="ChannelAutomation.Admin.Test.AdminLoginTest"/>
  <testcase name="landOnListOfGDSPage_TC_2" time="2.622" classname="ChannelAutomation.Admin.Test.AdminLoginTest"/>
  <testcase name="landOnAllotmentMatrix_TC_7" time="7.024" classname="ChannelAutomation.Admin.Test.AdminLoginTest"/>
  <testcase name="landOnListOfGDSPage_TC_10" time="3.580" classname="ChannelAutomation.Admin.Test.AdminLoginTest"/>
  <testcase name="landOnAdminHome_TC_16" time="1.922" classname="ChannelAutomation.Admin.Test.AdminLoginTest"/>
  <testcase name="clickOnEditPackage_TC_13" time="3.763" classname="ChannelAutomation.Admin.Test.AdminLoginTest"/>
  <testcase name="landOnListofChannels_TC_11" time="1.896" classname="ChannelAutomation.Admin.Test.AdminLoginTest"/>
  <testcase name="landOnListOfGDSPage_TC_6" time="2.549" classname="ChannelAutomation.Admin.Test.AdminLoginTest"/>
  <testcase name="landOnAllotmentMatrix_TC_3" time="6.342" classname="ChannelAutomation.Admin.Test.AdminLoginTest"/>
  <testcase name="logoutAdmin_TC_17" time="2.219" classname="ChannelAutomation.Admin.Test.AdminLoginTest"/>
  <testcase name="landOnAdminHome_TC_9" time="1.797" classname="ChannelAutomation.Admin.Test.AdminLoginTest"/>
  <testcase name="clickOnChannel_TC_12" time="2.735" classname="ChannelAutomation.Admin.Test.AdminLoginTest"/>
</testsuite> <!-- ChannelAutomation.Admin.Test.AdminLoginTest -->
