<?xml version="1.0" encoding="UTF-8"?>
<!-- Generated by org.testng.reporters.JUnitReportReporter -->
<testsuite hostname="HMS-QA-Din" name="ChannelAutomation.Admin.Test.AdminLoginTest" tests="17" failures="0" timestamp="8 Sep 2017 15:11:25 GMT" time="410.639" errors="0">
  <testcase name="landOnListOfGDSPage_TC_6" time="2.857" classname="ChannelAutomation.Admin.Test.AdminLoginTest"/>
  <testcase name="landOnAdminHome_TC_9" time="2.007" classname="ChannelAutomation.Admin.Test.AdminLoginTest"/>
  <testcase name="AdminLogin_TC_1" time="30.547" classname="ChannelAutomation.Admin.Test.AdminLoginTest"/>
  <testcase name="saveAlotments_TC_4" time="16.479" classname="ChannelAutomation.Admin.Test.AdminLoginTest"/>
  <testcase name="landOnListofChannels_TC_11" time="2.026" classname="ChannelAutomation.Admin.Test.AdminLoginTest"/>
  <testcase name="landOnAdminHome_TC_5" time="2.211" classname="ChannelAutomation.Admin.Test.AdminLoginTest"/>
  <testcase name="landOnAllotmentMatrix_TC_7" time="6.213" classname="ChannelAutomation.Admin.Test.AdminLoginTest"/>
  <testcase name="landOnListOfGDSPage_TC_2" time="3.217" classname="ChannelAutomation.Admin.Test.AdminLoginTest"/>
  <testcase name="clickOnChannel_TC_12" time="2.562" classname="ChannelAutomation.Admin.Test.AdminLoginTest"/>
  <testcase name="sendRatesOnChannel_TC_14" time="199.040" classname="ChannelAutomation.Admin.Test.AdminLoginTest"/>
  <testcase name="landOnListOfGDSPage_TC_10" time="4.819" classname="ChannelAutomation.Admin.Test.AdminLoginTest"/>
  <testcase name="clickOnEditPackage_TC_13" time="4.384" classname="ChannelAutomation.Admin.Test.AdminLoginTest"/>
  <testcase name="landOnAdminHome_TC_16" time="1.959" classname="ChannelAutomation.Admin.Test.AdminLoginTest"/>
  <testcase name="landOnAllotmentMatrix_TC_3" time="7.256" classname="ChannelAutomation.Admin.Test.AdminLoginTest"/>
  <testcase name="backToAdminHomePagel_TC_15" time="0.058" classname="ChannelAutomation.Admin.Test.AdminLoginTest"/>
  <testcase name="logoutAdmin_TC_17" time="2.229" classname="ChannelAutomation.Admin.Test.AdminLoginTest"/>
  <testcase name="SendRulesonChannel_TC_8" time="122.775" classname="ChannelAutomation.Admin.Test.AdminLoginTest"/>
</testsuite> <!-- ChannelAutomation.Admin.Test.AdminLoginTest -->
