<?xml version="1.0" encoding="UTF-8"?>
<!-- Generated by org.testng.reporters.JUnitReportReporter -->
<testsuite hostname="HMS-QA-Din" name="ChannelAutomation.Admin.Test.AdminLoginTest" tests="7" failures="0" timestamp="21 Jul 2017 11:55:18 GMT" time="245.981" errors="0">
  <testcase name="landOnListOfGDSPage_TC_10" time="3.719" classname="ChannelAutomation.Admin.Test.AdminLoginTest"/>
  <testcase name="sendRatesOnChannel_TC_14" time="210.829" classname="ChannelAutomation.Admin.Test.AdminLoginTest"/>
  <testcase name="clickOnChannel_TC_12" time="2.967" classname="ChannelAutomation.Admin.Test.AdminLoginTest"/>
  <testcase name="landOnListofChannels_TC_11" time="0.172" classname="ChannelAutomation.Admin.Test.AdminLoginTest"/>
  <testcase name="AdminLogin_TC_1" time="24.719" classname="ChannelAutomation.Admin.Test.AdminLoginTest"/>
  <testcase name="clickOnEditPackage_TC_13" time="3.482" classname="ChannelAutomation.Admin.Test.AdminLoginTest"/>
  <testcase name="backToAdminHomePagel_TC_15" time="0.093" classname="ChannelAutomation.Admin.Test.AdminLoginTest"/>
</testsuite> <!-- ChannelAutomation.Admin.Test.AdminLoginTest -->
